2026-04-29T05:00:42Z | INFO | Pipeline start | paper_id= jennings_2026  force= FALSE 

===== 01_discover_paper_assets.R =====
Discovery complete: 5 assets written to /Users/brianjenquist/VSCode/Literature_Data_To_BIENdb/data/interim/jennings_2026_assets.csv 
STATUS: 0

===== 02_download_sources.R =====
Download step complete: 5 files tracked; blocked=0 
STATUS: 0

===== 03_normalize_to_dwc.R =====
New names:
Рђб `` -> `...4`
Рђб `` -> `...5`
Рђб `` -> `...6`
Рђб `` -> `...7`
Рђб `` -> `...8`
Рђб `` -> `...9`
New names:
Рђб `` -> `...26`
New names:
Рђб `` -> `...3`
Рђб `` -> `...4`
New names:
Рђб `` -> `...7`
Рђб `` -> `...8`
Рђб `` -> `...9`
Рђб `` -> `...10`
Рђб `` -> `...11`
Рђб `` -> `...12`
Рђб `` -> `...14`
Рђб `` -> `...15`
Рђб `` -> `...17`
Рђб `` -> `...18`
Рђб `` -> `...19`
Рђб `Timor` -> `Timor...21`
Рђб `` -> `...23`
Рђб `` -> `...24`
Рђб `Timor` -> `Timor...25`
Рђб `` -> `...26`
Рђб `` -> `...27`
Рђб `9` -> `9...28`
Рђб `9` -> `9...29`
Рђб `` -> `...41`
Рђб `` -> `...42`
Рђб `` -> `...43`
Рђб `` -> `...44`
Рђб `` -> `...45`
Рђб `` -> `...46`
Рђб `` -> `...47`
Рђб `` -> `...48`
Рђб `` -> `...49`
Рђб `` -> `...50`
Рђб `` -> `...52`
Рђб `` -> `...53`
Рђб `` -> `...54`
Normalization complete: 1835 rows -> /Users/brianjenquist/VSCode/Literature_Data_To_BIENdb/data/interim/jennings_2026_dwc_normalized.csv 
STATUS: 0

===== 04_build_bien_staging.R =====
Staging build complete: 1835 rows -> /Users/brianjenquist/VSCode/Literature_Data_To_BIENdb/data/processed/jennings_2026_bien_staging.csv 
STATUS: 0
2026-04-29T05:00:53Z | INFO | Pipeline end | Completed all steps 
